{"C:\\Users\\LuisDev\\Desktop\\file_server\\core_api\\Application.ts": {"path":"C:\\Users\\LuisDev\\Desktop\\file_server\\core_api\\Application.ts","statementMap":{"0":{"start":{"line":2,"column":0},"end":{"line":2,"column":36}},"1":{"start":{"line":3,"column":0},"end":{"line":3,"column":65}},"2":{"start":{"line":7,"column":0},"end":{"line":7,"column":82}},"3":{"start":{"line":8,"column":0},"end":{"line":8,"column":70}},"4":{"start":{"line":9,"column":0},"end":{"line":9,"column":56}},"5":{"start":{"line":12,"column":0},"end":{"line":12,"column":22}},"6":{"start":{"line":13,"column":0},"end":{"line":13,"column":24}},"7":{"start":{"line":26,"column":8},"end":{"line":26,"column":71}},"8":{"start":{"line":28,"column":8},"end":{"line":28,"column":39}},"9":{"start":{"line":35,"column":8},"end":{"line":35,"column":57}},"10":{"start":{"line":37,"column":8},"end":{"line":37,"column":73}},"11":{"start":{"line":39,"column":8},"end":{"line":39,"column":65}},"12":{"start":{"line":41,"column":8},"end":{"line":44,"column":null}},"13":{"start":{"line":43,"column":12},"end":{"line":43,"column":118}},"14":{"start":{"line":49,"column":8},"end":{"line":49,"column":44}},"15":{"start":{"line":54,"column":8},"end":{"line":85,"column":null}},"16":{"start":{"line":54,"column":59},"end":{"line":85,"column":10}},"17":{"start":{"line":57,"column":43},"end":{"line":57,"column":115}},"18":{"start":{"line":59,"column":12},"end":{"line":59,"column":71}},"19":{"start":{"line":61,"column":12},"end":{"line":62,"column":23}},"20":{"start":{"line":62,"column":16},"end":{"line":62,"column":23}},"21":{"start":{"line":64,"column":35},"end":{"line":64,"column":129}},"22":{"start":{"line":64,"column":81},"end":{"line":64,"column":128}},"23":{"start":{"line":66,"column":12},"end":{"line":80,"column":null}},"24":{"start":{"line":68,"column":16},"end":{"line":79,"column":24}},"25":{"start":{"line":70,"column":38},"end":{"line":70,"column":94}},"26":{"start":{"line":70,"column":93},"end":{"line":70,"column":94}},"27":{"start":{"line":72,"column":33},"end":{"line":72,"column":116}},"28":{"start":{"line":74,"column":16},"end":{"line":77,"column":null}},"29":{"start":{"line":76,"column":20},"end":{"line":76,"column":89}},"30":{"start":{"line":82,"column":12},"end":{"line":82,"column":22}},"31":{"start":{"line":93,"column":20},"end":{"line":93,"column":37}},"32":{"start":{"line":95,"column":22},"end":{"line":98,"column":14}},"33":{"start":{"line":97,"column":16},"end":{"line":97,"column":54}},"34":{"start":{"line":100,"column":20},"end":{"line":100,"column":57}},"35":{"start":{"line":102,"column":8},"end":{"line":103,"column":19}},"36":{"start":{"line":103,"column":12},"end":{"line":103,"column":19}},"37":{"start":{"line":106,"column":8},"end":{"line":218,"column":null}},"38":{"start":{"line":108,"column":25},"end":{"line":108,"column":82}},"39":{"start":{"line":110,"column":12},"end":{"line":112,"column":null}},"40":{"start":{"line":111,"column":16},"end":{"line":111,"column":25}},"41":{"start":{"line":114,"column":23},"end":{"line":114,"column":78}},"42":{"start":{"line":116,"column":12},"end":{"line":117,"column":37}},"43":{"start":{"line":117,"column":16},"end":{"line":117,"column":37}},"44":{"start":{"line":119,"column":12},"end":{"line":119,"column":68}},"45":{"start":{"line":121,"column":13},"end":{"line":217,"column":null}},"46":{"start":{"line":124,"column":33},"end":{"line":124,"column":85}},"47":{"start":{"line":126,"column":16},"end":{"line":126,"column":105}},"48":{"start":{"line":128,"column":30},"end":{"line":154,"column":17}},"49":{"start":{"line":130,"column":31},"end":{"line":130,"column":98}},"50":{"start":{"line":131,"column":33},"end":{"line":131,"column":35}},"51":{"start":{"line":133,"column":20},"end":{"line":142,"column":null}},"52":{"start":{"line":135,"column":24},"end":{"line":141,"column":null}},"53":{"start":{"line":137,"column":28},"end":{"line":138,"column":88}},"54":{"start":{"line":138,"column":32},"end":{"line":138,"column":88}},"55":{"start":{"line":139,"column":28},"end":{"line":140,"column":null}},"56":{"start":{"line":140,"column":32},"end":{"line":140,"column":null}},"57":{"start":{"line":144,"column":37},"end":{"line":144,"column":99}},"58":{"start":{"line":146,"column":20},"end":{"line":147,"column":63}},"59":{"start":{"line":147,"column":24},"end":{"line":147,"column":63}},"60":{"start":{"line":149,"column":20},"end":{"line":149,"column":80}},"61":{"start":{"line":151,"column":20},"end":{"line":151,"column":57}},"62":{"start":{"line":152,"column":20},"end":{"line":152,"column":59}},"63":{"start":{"line":153,"column":21},"end":{"line":153,"column":59}},"64":{"start":{"line":156,"column":16},"end":{"line":214,"column":null}},"65":{"start":{"line":159,"column":69},"end":{"line":159,"column":71}},"66":{"start":{"line":161,"column":43},"end":{"line":161,"column":45}},"67":{"start":{"line":163,"column":20},"end":{"line":173,"column":null}},"68":{"start":{"line":163,"column":32},"end":{"line":163,"column":33}},"69":{"start":{"line":166,"column":24},"end":{"line":171,"column":31}},"70":{"start":{"line":175,"column":20},"end":{"line":198,"column":null}},"71":{"start":{"line":175,"column":32},"end":{"line":175,"column":33}},"72":{"start":{"line":178,"column":24},"end":{"line":180,"column":26}},"73":{"start":{"line":183,"column":24},"end":{"line":197,"column":31}},"74":{"start":{"line":187,"column":36},"end":{"line":187,"column":null}},"75":{"start":{"line":192,"column":47},"end":{"line":192,"column":108}},"76":{"start":{"line":194,"column":36},"end":{"line":195,"column":55}},"77":{"start":{"line":195,"column":40},"end":{"line":195,"column":55}},"78":{"start":{"line":200,"column":20},"end":{"line":203,"column":null}},"79":{"start":{"line":200,"column":32},"end":{"line":200,"column":33}},"80":{"start":{"line":202,"column":24},"end":{"line":202,"column":122}},"81":{"start":{"line":202,"column":96},"end":{"line":202,"column":121}},"82":{"start":{"line":205,"column":20},"end":{"line":205,"column":42}},"83":{"start":{"line":209,"column":20},"end":{"line":213,"column":23}},"84":{"start":{"line":16,"column":0},"end":{"line":16,"column":30}}},"fnMap":{"0":{"name":"(anonymous_14)","decl":{"start":{"line":24,"column":4},"end":{"line":24,"column":null}},"loc":{"start":{"line":24,"column":4},"end":{"line":30,"column":5}}},"1":{"name":"(anonymous_15)","decl":{"start":{"line":33,"column":17},"end":{"line":33,"column":27}},"loc":{"start":{"line":33,"column":27},"end":{"line":45,"column":null}}},"2":{"name":"(anonymous_17)","decl":{"start":{"line":41,"column":100},"end":{"line":41,"column":102}},"loc":{"start":{"line":41,"column":104},"end":{"line":44,"column":9}}},"3":{"name":"(anonymous_18)","decl":{"start":{"line":47,"column":11},"end":{"line":47,"column":18}},"loc":{"start":{"line":47,"column":18},"end":{"line":50,"column":5}}},"4":{"name":"(anonymous_19)","decl":{"start":{"line":52,"column":14},"end":{"line":52,"column":28}},"loc":{"start":{"line":52,"column":43},"end":{"line":88,"column":5}}},"5":{"name":"(anonymous_20)","decl":{"start":{"line":54,"column":33},"end":{"line":54,"column":40}},"loc":{"start":{"line":54,"column":59},"end":{"line":85,"column":10}}},"6":{"name":"(anonymous_21)","decl":{"start":{"line":54,"column":59},"end":{"line":54,"column":null}},"loc":{"start":{"line":54,"column":59},"end":{"line":85,"column":9}}},"7":{"name":"(anonymous_22)","decl":{"start":{"line":64,"column":76},"end":{"line":64,"column":77}},"loc":{"start":{"line":64,"column":81},"end":{"line":64,"column":128}}},"8":{"name":"(anonymous_23)","decl":{"start":{"line":70,"column":93},"end":{"line":70,"column":94}},"loc":{"start":{"line":70,"column":93},"end":{"line":70,"column":94}}},"9":{"name":"(anonymous_24)","decl":{"start":{"line":91,"column":14},"end":{"line":91,"column":30}},"loc":{"start":{"line":91,"column":90},"end":{"line":220,"column":5}}},"10":{"name":"(anonymous_25)","decl":{"start":{"line":95,"column":74},"end":{"line":95,"column":75}},"loc":{"start":{"line":95,"column":78},"end":{"line":98,"column":13}}},"11":{"name":"(anonymous_26)","decl":{"start":{"line":121,"column":86},"end":{"line":121,"column":87}},"loc":{"start":{"line":121,"column":129},"end":{"line":217,"column":13}}},"12":{"name":"(anonymous_27)","decl":{"start":{"line":128,"column":30},"end":{"line":128,"column":31}},"loc":{"start":{"line":128,"column":63},"end":{"line":154,"column":17}}},"13":{"name":"(anonymous_28)","decl":{"start":{"line":170,"column":39},"end":{"line":170,"column":41}},"loc":{"start":{"line":170,"column":43},"end":{"line":170,"column":46}}},"14":{"name":"(anonymous_29)","decl":{"start":{"line":185,"column":42},"end":{"line":185,"column":45}},"loc":{"start":{"line":185,"column":47},"end":{"line":189,"column":33}}},"15":{"name":"(anonymous_30)","decl":{"start":{"line":190,"column":39},"end":{"line":190,"column":42}},"loc":{"start":{"line":190,"column":44},"end":{"line":196,"column":33}}},"16":{"name":"(anonymous_31)","decl":{"start":{"line":202,"column":81},"end":{"line":202,"column":83}},"loc":{"start":{"line":202,"column":85},"end":{"line":202,"column":87}}},"17":{"name":"(anonymous_32)","decl":{"start":{"line":202,"column":90},"end":{"line":202,"column":93}},"loc":{"start":{"line":202,"column":96},"end":{"line":202,"column":121}}},"18":{"name":"(anonymous_33)","decl":{"start":{"line":212,"column":31},"end":{"line":212,"column":34}},"loc":{"start":{"line":212,"column":36},"end":{"line":212,"column":39}}}},"branchMap":{"0":{"loc":{"start":{"line":57,"column":53},"end":{"line":57,"column":99}},"type":"cond-expr","locations":[{"start":{"line":57,"column":53},"end":{"line":57,"column":57}},{"start":{"line":57,"column":61},"end":{"line":57,"column":99}}]},"1":{"loc":{"start":{"line":57,"column":53},"end":{"line":57,"column":61}},"type":"binary-expr","locations":[{"start":{"line":57,"column":53},"end":{"line":57,"column":61}},{"start":{"line":57,"column":53},"end":{"line":57,"column":61}}]},"2":{"loc":{"start":{"line":61,"column":12},"end":{"line":62,"column":23}},"type":"if","locations":[{"start":{"line":61,"column":12},"end":{"line":62,"column":23}}]},"3":{"loc":{"start":{"line":74,"column":16},"end":{"line":77,"column":null}},"type":"if","locations":[{"start":{"line":74,"column":16},"end":{"line":77,"column":null}}]},"4":{"loc":{"start":{"line":74,"column":19},"end":{"line":74,"column":64}},"type":"binary-expr","locations":[{"start":{"line":74,"column":19},"end":{"line":74,"column":42}},{"start":{"line":74,"column":46},"end":{"line":74,"column":64}}]},"5":{"loc":{"start":{"line":102,"column":8},"end":{"line":103,"column":19}},"type":"if","locations":[{"start":{"line":102,"column":8},"end":{"line":103,"column":19}}]},"6":{"loc":{"start":{"line":110,"column":12},"end":{"line":112,"column":null}},"type":"if","locations":[{"start":{"line":110,"column":12},"end":{"line":112,"column":null}}]},"7":{"loc":{"start":{"line":116,"column":12},"end":{"line":117,"column":37}},"type":"if","locations":[{"start":{"line":116,"column":12},"end":{"line":117,"column":37}}]},"8":{"loc":{"start":{"line":133,"column":20},"end":{"line":142,"column":null}},"type":"if","locations":[{"start":{"line":133,"column":20},"end":{"line":142,"column":null}}]},"9":{"loc":{"start":{"line":135,"column":24},"end":{"line":141,"column":null}},"type":"if","locations":[{"start":{"line":135,"column":24},"end":{"line":141,"column":null}}]},"10":{"loc":{"start":{"line":137,"column":28},"end":{"line":138,"column":88}},"type":"if","locations":[{"start":{"line":137,"column":28},"end":{"line":138,"column":88}}]},"11":{"loc":{"start":{"line":137,"column":31},"end":{"line":137,"column":104}},"type":"binary-expr","locations":[{"start":{"line":137,"column":31},"end":{"line":137,"column":51}},{"start":{"line":137,"column":55},"end":{"line":137,"column":104}}]},"12":{"loc":{"start":{"line":137,"column":64},"end":{"line":137,"column":103}},"type":"binary-expr","locations":[{"start":{"line":137,"column":64},"end":{"line":137,"column":78}},{"start":{"line":137,"column":82},"end":{"line":137,"column":103}}]},"13":{"loc":{"start":{"line":139,"column":28},"end":{"line":140,"column":null}},"type":"if","locations":[{"start":{"line":139,"column":28},"end":{"line":140,"column":null}}]},"14":{"loc":{"start":{"line":146,"column":20},"end":{"line":147,"column":63}},"type":"if","locations":[{"start":{"line":146,"column":20},"end":{"line":147,"column":63}}]},"15":{"loc":{"start":{"line":156,"column":16},"end":{"line":214,"column":null}},"type":"if","locations":[{"start":{"line":156,"column":16},"end":{"line":214,"column":null}},{"start":{"line":207,"column":20},"end":{"line":214,"column":null}}]},"16":{"loc":{"start":{"line":156,"column":19},"end":{"line":156,"column":54}},"type":"binary-expr","locations":[{"start":{"line":156,"column":19},"end":{"line":156,"column":29}},{"start":{"line":156,"column":33},"end":{"line":156,"column":54}}]},"17":{"loc":{"start":{"line":187,"column":36},"end":{"line":187,"column":151}},"type":"cond-expr","locations":[{"start":{"line":187,"column":68},"end":{"line":187,"column":103}},{"start":{"line":187,"column":106},"end":{"line":187,"column":151}}]},"18":{"loc":{"start":{"line":192,"column":47},"end":{"line":192,"column":108}},"type":"cond-expr","locations":[{"start":{"line":192,"column":77},"end":{"line":192,"column":86}},{"start":{"line":192,"column":89},"end":{"line":192,"column":108}}]},"19":{"loc":{"start":{"line":194,"column":36},"end":{"line":195,"column":55}},"type":"if","locations":[{"start":{"line":194,"column":36},"end":{"line":195,"column":55}}]},"20":{"loc":{"start":{"line":202,"column":54},"end":{"line":202,"column":121}},"type":"cond-expr","locations":[{"start":{"line":202,"column":81},"end":{"line":202,"column":87}},{"start":{"line":202,"column":90},"end":{"line":202,"column":121}}]}},"s":{"0":2,"1":2,"2":2,"3":2,"4":2,"5":2,"6":2,"7":0,"8":0,"9":0,"10":0,"11":0,"12":0,"13":0,"14":0,"15":0,"16":0,"17":0,"18":0,"19":0,"20":0,"21":0,"22":0,"23":0,"24":0,"25":0,"26":0,"27":0,"28":0,"29":0,"30":0,"31":0,"32":0,"33":0,"34":0,"35":0,"36":0,"37":0,"38":0,"39":0,"40":0,"41":0,"42":0,"43":0,"44":0,"45":0,"46":0,"47":0,"48":0,"49":0,"50":0,"51":0,"52":0,"53":0,"54":0,"55":0,"56":0,"57":0,"58":0,"59":0,"60":0,"61":0,"62":0,"63":0,"64":0,"65":0,"66":0,"67":0,"68":0,"69":0,"70":0,"71":0,"72":0,"73":0,"74":0,"75":0,"76":0,"77":0,"78":0,"79":0,"80":0,"81":0,"82":0,"83":0,"84":2},"f":{"0":0,"1":0,"2":0,"3":0,"4":0,"5":0,"6":0,"7":0,"8":0,"9":0,"10":0,"11":0,"12":0,"13":0,"14":0,"15":0,"16":0,"17":0,"18":0},"b":{"0":[0,0],"1":[0,0],"2":[0],"3":[0],"4":[0,0],"5":[0],"6":[0],"7":[0],"8":[0],"9":[0],"10":[0],"11":[0,0],"12":[0,0],"13":[0],"14":[0],"15":[0,0],"16":[0,0],"17":[0,0],"18":[0,0],"19":[0],"20":[0,0]}}
,"C:\\Users\\LuisDev\\Desktop\\file_server\\core_api\\ApplicationConfiguration.ts": {"path":"C:\\Users\\LuisDev\\Desktop\\file_server\\core_api\\ApplicationConfiguration.ts","statementMap":{"0":{"start":{"line":1,"column":0},"end":{"line":1,"column":22}},"1":{"start":{"line":9,"column":11},"end":{"line":9,"column":37}},"2":{"start":{"line":10,"column":11},"end":{"line":10,"column":32}},"3":{"start":{"line":15,"column":8},"end":{"line":15,"column":62}},"4":{"start":{"line":20,"column":8},"end":{"line":27,"column":null}},"5":{"start":{"line":22,"column":12},"end":{"line":22,"column":41}},"6":{"start":{"line":26,"column":12},"end":{"line":26,"column":39}},"7":{"start":{"line":32,"column":8},"end":{"line":32,"column":107}},"8":{"start":{"line":32,"column":52},"end":{"line":32,"column":105}},"9":{"start":{"line":37,"column":8},"end":{"line":59,"column":null}},"10":{"start":{"line":39,"column":12},"end":{"line":58,"column":null}},"11":{"start":{"line":41,"column":16},"end":{"line":44,"column":null}},"12":{"start":{"line":43,"column":20},"end":{"line":43,"column":32}},"13":{"start":{"line":46,"column":33},"end":{"line":46,"column":49}},"14":{"start":{"line":48,"column":16},"end":{"line":54,"column":null}},"15":{"start":{"line":50,"column":20},"end":{"line":53,"column":null}},"16":{"start":{"line":52,"column":24},"end":{"line":52,"column":46}},"17":{"start":{"line":56,"column":16},"end":{"line":56,"column":30}},"18":{"start":{"line":65,"column":8},"end":{"line":78,"column":null}},"19":{"start":{"line":67,"column":12},"end":{"line":77,"column":15}},"20":{"start":{"line":70,"column":16},"end":{"line":73,"column":null}},"21":{"start":{"line":72,"column":20},"end":{"line":72,"column":32}},"22":{"start":{"line":75,"column":16},"end":{"line":75,"column":30}},"23":{"start":{"line":6,"column":0},"end":{"line":6,"column":21}}},"fnMap":{"0":{"name":"(anonymous_8)","decl":{"start":{"line":13,"column":4},"end":{"line":13,"column":null}},"loc":{"start":{"line":13,"column":4},"end":{"line":16,"column":5}}},"1":{"name":"(anonymous_9)","decl":{"start":{"line":18,"column":17},"end":{"line":18,"column":27}},"loc":{"start":{"line":18,"column":27},"end":{"line":28,"column":null}}},"2":{"name":"(anonymous_11)","decl":{"start":{"line":30,"column":18},"end":{"line":30,"column":32}},"loc":{"start":{"line":30,"column":32},"end":{"line":33,"column":null}}},"3":{"name":"(anonymous_13)","decl":{"start":{"line":32,"column":36},"end":{"line":32,"column":37}},"loc":{"start":{"line":32,"column":52},"end":{"line":32,"column":105}}},"4":{"name":"(anonymous_14)","decl":{"start":{"line":35,"column":18},"end":{"line":35,"column":31}},"loc":{"start":{"line":35,"column":31},"end":{"line":60,"column":null}}},"5":{"name":"(anonymous_16)","decl":{"start":{"line":37,"column":36},"end":{"line":37,"column":37}},"loc":{"start":{"line":37,"column":51},"end":{"line":59,"column":9}}},"6":{"name":"(anonymous_17)","decl":{"start":{"line":39,"column":64},"end":{"line":39,"column":65}},"loc":{"start":{"line":39,"column":80},"end":{"line":58,"column":13}}},"7":{"name":"(anonymous_18)","decl":{"start":{"line":62,"column":18},"end":{"line":62,"column":33}},"loc":{"start":{"line":62,"column":33},"end":{"line":80,"column":null}}},"8":{"name":"(anonymous_20)","decl":{"start":{"line":65,"column":36},"end":{"line":65,"column":37}},"loc":{"start":{"line":65,"column":50},"end":{"line":78,"column":9}}},"9":{"name":"(anonymous_21)","decl":{"start":{"line":67,"column":87},"end":{"line":67,"column":92}},"loc":{"start":{"line":67,"column":95},"end":{"line":77,"column":13}}}},"branchMap":{"0":{"loc":{"start":{"line":15,"column":24},"end":{"line":15,"column":61}},"type":"cond-expr","locations":[{"start":{"line":15,"column":48},"end":{"line":15,"column":52}},{"start":{"line":15,"column":52},"end":{"line":15,"column":61}}]},"1":{"loc":{"start":{"line":15,"column":24},"end":{"line":15,"column":52}},"type":"binary-expr","locations":[{"start":{"line":15,"column":24},"end":{"line":15,"column":52}},{"start":{"line":15,"column":48},"end":{"line":15,"column":52}}]},"2":{"loc":{"start":{"line":15,"column":24},"end":{"line":15,"column":48}},"type":"cond-expr","locations":[{"start":{"line":15,"column":42},"end":{"line":15,"column":44}},{"start":{"line":15,"column":42},"end":{"line":15,"column":48}}]},"3":{"loc":{"start":{"line":15,"column":24},"end":{"line":15,"column":44}},"type":"binary-expr","locations":[{"start":{"line":15,"column":24},"end":{"line":15,"column":44}},{"start":{"line":15,"column":42},"end":{"line":15,"column":44}}]},"4":{"loc":{"start":{"line":20,"column":8},"end":{"line":27,"column":null}},"type":"if","locations":[{"start":{"line":20,"column":8},"end":{"line":27,"column":null}},{"start":{"line":24,"column":13},"end":{"line":27,"column":null}}]},"5":{"loc":{"start":{"line":41,"column":16},"end":{"line":44,"column":null}},"type":"if","locations":[{"start":{"line":41,"column":16},"end":{"line":44,"column":null}}]},"6":{"loc":{"start":{"line":50,"column":20},"end":{"line":53,"column":null}},"type":"if","locations":[{"start":{"line":50,"column":20},"end":{"line":53,"column":null}}]},"7":{"loc":{"start":{"line":70,"column":16},"end":{"line":73,"column":null}},"type":"if","locations":[{"start":{"line":70,"column":16},"end":{"line":73,"column":null}}]}},"s":{"0":2,"1":0,"2":0,"3":0,"4":0,"5":0,"6":0,"7":0,"8":0,"9":0,"10":0,"11":0,"12":0,"13":0,"14":0,"15":0,"16":0,"17":0,"18":0,"19":0,"20":0,"21":0,"22":0,"23":2},"f":{"0":0,"1":0,"2":0,"3":0,"4":0,"5":0,"6":0,"7":0,"8":0,"9":0},"b":{"0":[0,0],"1":[0,0],"2":[0,0],"3":[0,0],"4":[0,0],"5":[0],"6":[0],"7":[0]}}
,"C:\\Users\\LuisDev\\Desktop\\file_server\\core_api\\index.ts": {"path":"C:\\Users\\LuisDev\\Desktop\\file_server\\core_api\\index.ts","statementMap":{"0":{"start":{"line":1,"column":0},"end":{"line":1,"column":9}},"1":{"start":{"line":1,"column":9},"end":{"line":1,"column":31}},"2":{"start":{"line":2,"column":0},"end":{"line":2,"column":9}},"3":{"start":{"line":2,"column":9},"end":{"line":2,"column":44}},"4":{"start":{"line":4,"column":0},"end":{"line":4,"column":9}},"5":{"start":{"line":4,"column":9},"end":{"line":4,"column":41}},"6":{"start":{"line":5,"column":0},"end":{"line":5,"column":9}},"7":{"start":{"line":5,"column":9},"end":{"line":5,"column":67}},"8":{"start":{"line":7,"column":0},"end":{"line":7,"column":9}},"9":{"start":{"line":7,"column":9},"end":{"line":7,"column":56}},"10":{"start":{"line":9,"column":0},"end":{"line":9,"column":9}},"11":{"start":{"line":9,"column":9},"end":{"line":9,"column":36}},"12":{"start":{"line":17,"column":0},"end":{"line":17,"column":82}},"13":{"start":{"line":18,"column":0},"end":{"line":18,"column":70}},"14":{"start":{"line":24,"column":4},"end":{"line":24,"column":48}},"15":{"start":{"line":22,"column":0},"end":{"line":22,"column":16}},"16":{"start":{"line":29,"column":4},"end":{"line":29,"column":51}},"17":{"start":{"line":27,"column":0},"end":{"line":27,"column":16}},"18":{"start":{"line":34,"column":4},"end":{"line":34,"column":52}},"19":{"start":{"line":32,"column":0},"end":{"line":32,"column":16}},"20":{"start":{"line":39,"column":4},"end":{"line":39,"column":46}},"21":{"start":{"line":37,"column":0},"end":{"line":37,"column":16}},"22":{"start":{"line":46,"column":4},"end":{"line":46,"column":44}},"23":{"start":{"line":43,"column":0},"end":{"line":43,"column":16}},"24":{"start":{"line":51,"column":4},"end":{"line":51,"column":41}},"25":{"start":{"line":49,"column":0},"end":{"line":49,"column":16}},"26":{"start":{"line":56,"column":4},"end":{"line":56,"column":46}},"27":{"start":{"line":54,"column":0},"end":{"line":54,"column":16}},"28":{"start":{"line":67,"column":4},"end":{"line":67,"column":108}},"29":{"start":{"line":65,"column":0},"end":{"line":65,"column":16}}},"fnMap":{"0":{"name":"(anonymous_1)","decl":{"start":{"line":1,"column":9},"end":{"line":1,"column":16}},"loc":{"start":{"line":1,"column":9},"end":{"line":1,"column":31}}},"1":{"name":"(anonymous_2)","decl":{"start":{"line":2,"column":9},"end":{"line":2,"column":16}},"loc":{"start":{"line":2,"column":9},"end":{"line":2,"column":44}}},"2":{"name":"(anonymous_3)","decl":{"start":{"line":4,"column":9},"end":{"line":4,"column":16}},"loc":{"start":{"line":4,"column":9},"end":{"line":4,"column":41}}},"3":{"name":"(anonymous_4)","decl":{"start":{"line":5,"column":9},"end":{"line":5,"column":23}},"loc":{"start":{"line":5,"column":9},"end":{"line":5,"column":67}}},"4":{"name":"(anonymous_5)","decl":{"start":{"line":7,"column":9},"end":{"line":7,"column":18}},"loc":{"start":{"line":7,"column":9},"end":{"line":7,"column":56}}},"5":{"name":"(anonymous_6)","decl":{"start":{"line":9,"column":9},"end":{"line":9,"column":16}},"loc":{"start":{"line":9,"column":9},"end":{"line":9,"column":36}}},"6":{"name":"Use","decl":{"start":{"line":22,"column":16},"end":{"line":22,"column":19}},"loc":{"start":{"line":22,"column":42},"end":{"line":25,"column":1}}},"7":{"name":"Run","decl":{"start":{"line":27,"column":16},"end":{"line":27,"column":19}},"loc":{"start":{"line":27,"column":42},"end":{"line":30,"column":1}}},"8":{"name":"Action","decl":{"start":{"line":32,"column":16},"end":{"line":32,"column":22}},"loc":{"start":{"line":32,"column":42},"end":{"line":35,"column":1}}},"9":{"name":"Route","decl":{"start":{"line":37,"column":16},"end":{"line":37,"column":21}},"loc":{"start":{"line":37,"column":36},"end":{"line":40,"column":1}}},"10":{"name":"Verb","decl":{"start":{"line":43,"column":16},"end":{"line":43,"column":20}},"loc":{"start":{"line":43,"column":37},"end":{"line":47,"column":1}}},"11":{"name":"Inject","decl":{"start":{"line":49,"column":16},"end":{"line":49,"column":22}},"loc":{"start":{"line":49,"column":22},"end":{"line":52,"column":1}}},"12":{"name":"InjectAbstract","decl":{"start":{"line":54,"column":16},"end":{"line":54,"column":30}},"loc":{"start":{"line":54,"column":48},"end":{"line":57,"column":1}}},"13":{"name":"Argument","decl":{"start":{"line":65,"column":16},"end":{"line":65,"column":24}},"loc":{"start":{"line":65,"column":138},"end":{"line":68,"column":1}}}},"branchMap":{},"s":{"0":2,"1":2,"2":2,"3":2,"4":2,"5":2,"6":2,"7":4,"8":2,"9":6,"10":2,"11":2,"12":2,"13":2,"14":0,"15":2,"16":0,"17":2,"18":4,"19":2,"20":2,"21":2,"22":4,"23":2,"24":2,"25":2,"26":2,"27":2,"28":4,"29":2},"f":{"0":0,"1":0,"2":0,"3":2,"4":4,"5":0,"6":0,"7":0,"8":4,"9":2,"10":4,"11":2,"12":2,"13":4},"b":{}}
,"C:\\Users\\LuisDev\\Desktop\\file_server\\core_api\\__tests__\\classes\\ControllerTest.ts": {"path":"C:\\Users\\LuisDev\\Desktop\\file_server\\core_api\\__tests__\\classes\\ControllerTest.ts","statementMap":{"0":{"start":{"line":3,"column":0},"end":{"line":3,"column":60}},"1":{"start":{"line":5,"column":0},"end":{"line":5,"column":123}},"2":{"start":{"line":8,"column":7},"end":{"line":40,"column":null}},"3":{"start":{"line":19,"column":8},"end":{"line":19,"column":16}},"4":{"start":{"line":20,"column":8},"end":{"line":20,"column":32}},"5":{"start":{"line":21,"column":8},"end":{"line":21,"column":35}},"6":{"start":{"line":29,"column":8},"end":{"line":29,"column":26}},"7":{"start":{"line":37,"column":8},"end":{"line":37,"column":31}},"8":{"start":{"line":11,"column":4},"end":{"line":12,"column":null}},"9":{"start":{"line":14,"column":4},"end":{"line":15,"column":null}},"10":{"start":{"line":24,"column":4},"end":{"line":30,"column":null}},"11":{"start":{"line":32,"column":4},"end":{"line":38,"column":null}},"12":{"start":{"line":8,"column":13},"end":{"line":40,"column":null}},"13":{"start":{"line":8,"column":13},"end":{"line":8,"column":27}}},"fnMap":{"0":{"name":"(anonymous_1)","decl":{"start":{"line":17,"column":4},"end":{"line":17,"column":16}},"loc":{"start":{"line":17,"column":44},"end":{"line":22,"column":5}}},"1":{"name":"(anonymous_2)","decl":{"start":{"line":27,"column":11},"end":{"line":27,"column":21}},"loc":{"start":{"line":27,"column":35},"end":{"line":30,"column":5}}},"2":{"name":"(anonymous_3)","decl":{"start":{"line":35,"column":11},"end":{"line":35,"column":24}},"loc":{"start":{"line":35,"column":52},"end":{"line":38,"column":5}}}},"branchMap":{},"s":{"0":2,"1":2,"2":2,"3":10,"4":10,"5":10,"6":1,"7":1,"8":2,"9":2,"10":2,"11":2,"12":2,"13":2},"f":{"0":10,"1":1,"2":1},"b":{}}
,"C:\\Users\\LuisDev\\Desktop\\file_server\\core_api\\__tests__\\classes\\SampleServiceTest.ts": {"path":"C:\\Users\\LuisDev\\Desktop\\file_server\\core_api\\__tests__\\classes\\SampleServiceTest.ts","statementMap":{"0":{"start":{"line":1,"column":0},"end":{"line":1,"column":22}},"1":{"start":{"line":11,"column":8},"end":{"line":11,"column":47}},"2":{"start":{"line":8,"column":0},"end":{"line":8,"column":13}},"3":{"start":{"line":20,"column":8},"end":{"line":20,"column":59}},"4":{"start":{"line":17,"column":0},"end":{"line":17,"column":13}}},"fnMap":{"0":{"name":"(anonymous_0)","decl":{"start":{"line":10,"column":11},"end":{"line":10,"column":22}},"loc":{"start":{"line":10,"column":22},"end":{"line":12,"column":5}}},"1":{"name":"(anonymous_1)","decl":{"start":{"line":19,"column":11},"end":{"line":19,"column":22}},"loc":{"start":{"line":19,"column":22},"end":{"line":21,"column":5}}}},"branchMap":{},"s":{"0":2,"1":0,"2":2,"3":0,"4":2},"f":{"0":0,"1":0},"b":{}}
,"C:\\Users\\LuisDev\\Desktop\\file_server\\core_api\\controllers\\base\\ControllerBase.ts": {"path":"C:\\Users\\LuisDev\\Desktop\\file_server\\core_api\\controllers\\base\\ControllerBase.ts","statementMap":{"0":{"start":{"line":7,"column":4},"end":{"line":7,"column":38}},"1":{"start":{"line":8,"column":4},"end":{"line":8,"column":41}},"2":{"start":{"line":17,"column":8},"end":{"line":17,"column":34}},"3":{"start":{"line":18,"column":8},"end":{"line":18,"column":35}},"4":{"start":{"line":23,"column":8},"end":{"line":23,"column":34}},"5":{"start":{"line":24,"column":8},"end":{"line":24,"column":28}},"6":{"start":{"line":29,"column":8},"end":{"line":29,"column":34}},"7":{"start":{"line":30,"column":8},"end":{"line":30,"column":35}},"8":{"start":{"line":35,"column":8},"end":{"line":35,"column":34}},"9":{"start":{"line":36,"column":8},"end":{"line":36,"column":35}},"10":{"start":{"line":41,"column":8},"end":{"line":41,"column":37}},"11":{"start":{"line":42,"column":8},"end":{"line":42,"column":35}},"12":{"start":{"line":5,"column":0},"end":{"line":5,"column":13}}},"fnMap":{"0":{"name":"(anonymous_0)","decl":{"start":{"line":10,"column":4},"end":{"line":10,"column":null}},"loc":{"start":{"line":10,"column":4},"end":{"line":13,"column":5}}},"1":{"name":"(anonymous_1)","decl":{"start":{"line":15,"column":11},"end":{"line":15,"column":13}},"loc":{"start":{"line":15,"column":27},"end":{"line":19,"column":5}}},"2":{"name":"(anonymous_2)","decl":{"start":{"line":21,"column":11},"end":{"line":21,"column":18}},"loc":{"start":{"line":21,"column":18},"end":{"line":25,"column":5}}},"3":{"name":"(anonymous_3)","decl":{"start":{"line":27,"column":11},"end":{"line":27,"column":21}},"loc":{"start":{"line":27,"column":35},"end":{"line":31,"column":5}}},"4":{"name":"(anonymous_4)","decl":{"start":{"line":33,"column":11},"end":{"line":33,"column":16}},"loc":{"start":{"line":33,"column":30},"end":{"line":37,"column":5}}},"5":{"name":"(anonymous_5)","decl":{"start":{"line":39,"column":11},"end":{"line":39,"column":23}},"loc":{"start":{"line":39,"column":54},"end":{"line":43,"column":5}}}},"branchMap":{},"s":{"0":10,"1":10,"2":0,"3":0,"4":0,"5":0,"6":0,"7":0,"8":0,"9":0,"10":0,"11":0,"12":2},"f":{"0":10,"1":0,"2":0,"3":0,"4":0,"5":0},"b":{}}
,"C:\\Users\\LuisDev\\Desktop\\file_server\\core_api\\decorators\\controllers\\ControllerDecorators.ts": {"path":"C:\\Users\\LuisDev\\Desktop\\file_server\\core_api\\decorators\\controllers\\ControllerDecorators.ts","statementMap":{"0":{"start":{"line":2,"column":0},"end":{"line":2,"column":26}},"1":{"start":{"line":25,"column":8},"end":{"line":29,"column":null}},"2":{"start":{"line":27,"column":12},"end":{"line":27,"column":90}},"3":{"start":{"line":34,"column":8},"end":{"line":41,"column":null}},"4":{"start":{"line":36,"column":41},"end":{"line":36,"column":129}},"5":{"start":{"line":38,"column":12},"end":{"line":38,"column":36}},"6":{"start":{"line":40,"column":12},"end":{"line":40,"column":107}},"7":{"start":{"line":46,"column":7},"end":{"line":46,"column":119}},"8":{"start":{"line":51,"column":8},"end":{"line":59,"column":null}},"9":{"start":{"line":53,"column":41},"end":{"line":53,"column":138}},"10":{"start":{"line":55,"column":12},"end":{"line":55,"column":36}},"11":{"start":{"line":57,"column":12},"end":{"line":57,"column":127}},"12":{"start":{"line":64,"column":7},"end":{"line":64,"column":127}},"13":{"start":{"line":69,"column":7},"end":{"line":69,"column":98}},"14":{"start":{"line":75,"column":8},"end":{"line":79,"column":null}},"15":{"start":{"line":77,"column":12},"end":{"line":77,"column":117}},"16":{"start":{"line":84,"column":19},"end":{"line":84,"column":111}},"17":{"start":{"line":86,"column":8},"end":{"line":86,"column":20}},"18":{"start":{"line":91,"column":8},"end":{"line":95,"column":null}},"19":{"start":{"line":93,"column":12},"end":{"line":93,"column":123}},"20":{"start":{"line":100,"column":19},"end":{"line":100,"column":108}},"21":{"start":{"line":102,"column":8},"end":{"line":102,"column":20}},"22":{"start":{"line":113,"column":8},"end":{"line":149,"column":null}},"23":{"start":{"line":115,"column":12},"end":{"line":147,"column":19}},"24":{"start":{"line":123,"column":38},"end":{"line":123,"column":49}},"25":{"start":{"line":126,"column":24},"end":{"line":127,"column":61}},"26":{"start":{"line":127,"column":28},"end":{"line":127,"column":61}},"27":{"start":{"line":129,"column":24},"end":{"line":130,"column":61}},"28":{"start":{"line":130,"column":28},"end":{"line":130,"column":61}},"29":{"start":{"line":132,"column":24},"end":{"line":133,"column":61}},"30":{"start":{"line":133,"column":28},"end":{"line":133,"column":61}},"31":{"start":{"line":135,"column":24},"end":{"line":136,"column":61}},"32":{"start":{"line":136,"column":28},"end":{"line":136,"column":61}},"33":{"start":{"line":138,"column":24},"end":{"line":139,"column":61}},"34":{"start":{"line":139,"column":28},"end":{"line":139,"column":61}},"35":{"start":{"line":141,"column":24},"end":{"line":142,"column":61}},"36":{"start":{"line":142,"column":28},"end":{"line":142,"column":61}},"37":{"start":{"line":144,"column":24},"end":{"line":144,"column":39}},"38":{"start":{"line":156,"column":22},"end":{"line":156,"column":135}},"39":{"start":{"line":158,"column":8},"end":{"line":158,"column":23}},"40":{"start":{"line":163,"column":19},"end":{"line":163,"column":76}},"41":{"start":{"line":165,"column":8},"end":{"line":166,"column":77}},"42":{"start":{"line":166,"column":12},"end":{"line":166,"column":77}},"43":{"start":{"line":172,"column":19},"end":{"line":172,"column":63}},"44":{"start":{"line":174,"column":8},"end":{"line":177,"column":29}},"45":{"start":{"line":175,"column":12},"end":{"line":175,"column":29}},"46":{"start":{"line":177,"column":12},"end":{"line":177,"column":29}},"47":{"start":{"line":8,"column":0},"end":{"line":8,"column":21}},"48":{"start":{"line":15,"column":19},"end":{"line":15,"column":61}},"49":{"start":{"line":16,"column":19},"end":{"line":16,"column":61}},"50":{"start":{"line":17,"column":19},"end":{"line":17,"column":61}},"51":{"start":{"line":18,"column":19},"end":{"line":18,"column":67}},"52":{"start":{"line":19,"column":19},"end":{"line":19,"column":84}},"53":{"start":{"line":20,"column":19},"end":{"line":20,"column":77}}},"fnMap":{"0":{"name":"(anonymous_0)","decl":{"start":{"line":10,"column":4},"end":{"line":10,"column":null}},"loc":{"start":{"line":10,"column":4},"end":{"line":13,"column":5}}},"1":{"name":"(anonymous_1)","decl":{"start":{"line":23,"column":11},"end":{"line":23,"column":17}},"loc":{"start":{"line":23,"column":38},"end":{"line":30,"column":5}}},"2":{"name":"(anonymous_2)","decl":{"start":{"line":25,"column":15},"end":{"line":25,"column":25}},"loc":{"start":{"line":25,"column":42},"end":{"line":29,"column":9}}},"3":{"name":"(anonymous_3)","decl":{"start":{"line":32,"column":11},"end":{"line":32,"column":17}},"loc":{"start":{"line":32,"column":44},"end":{"line":42,"column":5}}},"4":{"name":"(anonymous_4)","decl":{"start":{"line":34,"column":15},"end":{"line":34,"column":25}},"loc":{"start":{"line":34,"column":42},"end":{"line":41,"column":9}}},"5":{"name":"(anonymous_5)","decl":{"start":{"line":44,"column":11},"end":{"line":44,"column":17}},"loc":{"start":{"line":44,"column":56},"end":{"line":47,"column":5}}},"6":{"name":"(anonymous_6)","decl":{"start":{"line":49,"column":11},"end":{"line":49,"column":17}},"loc":{"start":{"line":49,"column":47},"end":{"line":60,"column":5}}},"7":{"name":"(anonymous_7)","decl":{"start":{"line":51,"column":15},"end":{"line":51,"column":25}},"loc":{"start":{"line":51,"column":102},"end":{"line":59,"column":9}}},"8":{"name":"(anonymous_8)","decl":{"start":{"line":62,"column":11},"end":{"line":62,"column":17}},"loc":{"start":{"line":62,"column":74},"end":{"line":65,"column":5}}},"9":{"name":"(anonymous_9)","decl":{"start":{"line":67,"column":11},"end":{"line":67,"column":17}},"loc":{"start":{"line":67,"column":51},"end":{"line":70,"column":5}}},"10":{"name":"(anonymous_10)","decl":{"start":{"line":73,"column":11},"end":{"line":73,"column":17}},"loc":{"start":{"line":73,"column":39},"end":{"line":80,"column":5}}},"11":{"name":"(anonymous_11)","decl":{"start":{"line":75,"column":15},"end":{"line":75,"column":25}},"loc":{"start":{"line":75,"column":102},"end":{"line":79,"column":9}}},"12":{"name":"(anonymous_12)","decl":{"start":{"line":82,"column":11},"end":{"line":82,"column":17}},"loc":{"start":{"line":82,"column":67},"end":{"line":87,"column":5}}},"13":{"name":"(anonymous_13)","decl":{"start":{"line":89,"column":11},"end":{"line":89,"column":17}},"loc":{"start":{"line":89,"column":44},"end":{"line":96,"column":5}}},"14":{"name":"(anonymous_14)","decl":{"start":{"line":91,"column":15},"end":{"line":91,"column":25}},"loc":{"start":{"line":91,"column":102},"end":{"line":95,"column":9}}},"15":{"name":"(anonymous_15)","decl":{"start":{"line":98,"column":11},"end":{"line":98,"column":17}},"loc":{"start":{"line":98,"column":69},"end":{"line":103,"column":5}}},"16":{"name":"(anonymous_16)","decl":{"start":{"line":111,"column":11},"end":{"line":111,"column":17}},"loc":{"start":{"line":111,"column":161},"end":{"line":150,"column":5}}},"17":{"name":"(anonymous_17)","decl":{"start":{"line":113,"column":15},"end":{"line":113,"column":25}},"loc":{"start":{"line":113,"column":102},"end":{"line":149,"column":9}}},"18":{"name":"(anonymous_18)","decl":{"start":{"line":121,"column":42},"end":{"line":121,"column":43}},"loc":{"start":{"line":121,"column":57},"end":{"line":146,"column":21}}},"19":{"name":"(anonymous_19)","decl":{"start":{"line":154,"column":11},"end":{"line":154,"column":17}},"loc":{"start":{"line":154,"column":79},"end":{"line":159,"column":5}}},"20":{"name":"(anonymous_20)","decl":{"start":{"line":161,"column":12},"end":{"line":161,"column":18}},"loc":{"start":{"line":161,"column":94},"end":{"line":167,"column":5}}},"21":{"name":"(anonymous_21)","decl":{"start":{"line":170,"column":12},"end":{"line":170,"column":18}},"loc":{"start":{"line":170,"column":83},"end":{"line":178,"column":5}}}},"branchMap":{"0":{"loc":{"start":{"line":36,"column":41},"end":{"line":36,"column":129}},"type":"cond-expr","locations":[{"start":{"line":36,"column":123},"end":{"line":36,"column":127}},{"start":{"line":36,"column":127},"end":{"line":36,"column":129}}]},"1":{"loc":{"start":{"line":36,"column":41},"end":{"line":36,"column":127}},"type":"binary-expr","locations":[{"start":{"line":36,"column":41},"end":{"line":36,"column":127}},{"start":{"line":36,"column":123},"end":{"line":36,"column":127}}]},"2":{"loc":{"start":{"line":46,"column":14},"end":{"line":46,"column":118}},"type":"cond-expr","locations":[{"start":{"line":46,"column":112},"end":{"line":46,"column":116}},{"start":{"line":46,"column":116},"end":{"line":46,"column":118}}]},"3":{"loc":{"start":{"line":46,"column":14},"end":{"line":46,"column":116}},"type":"binary-expr","locations":[{"start":{"line":46,"column":14},"end":{"line":46,"column":116}},{"start":{"line":46,"column":112},"end":{"line":46,"column":116}}]},"4":{"loc":{"start":{"line":53,"column":41},"end":{"line":53,"column":138}},"type":"cond-expr","locations":[{"start":{"line":53,"column":132},"end":{"line":53,"column":136}},{"start":{"line":53,"column":136},"end":{"line":53,"column":138}}]},"5":{"loc":{"start":{"line":53,"column":41},"end":{"line":53,"column":136}},"type":"binary-expr","locations":[{"start":{"line":53,"column":41},"end":{"line":53,"column":136}},{"start":{"line":53,"column":132},"end":{"line":53,"column":136}}]},"6":{"loc":{"start":{"line":64,"column":14},"end":{"line":64,"column":126}},"type":"cond-expr","locations":[{"start":{"line":64,"column":120},"end":{"line":64,"column":124}},{"start":{"line":64,"column":124},"end":{"line":64,"column":126}}]},"7":{"loc":{"start":{"line":64,"column":14},"end":{"line":64,"column":124}},"type":"binary-expr","locations":[{"start":{"line":64,"column":14},"end":{"line":64,"column":124}},{"start":{"line":64,"column":120},"end":{"line":64,"column":124}}]},"8":{"loc":{"start":{"line":126,"column":24},"end":{"line":127,"column":61}},"type":"if","locations":[{"start":{"line":126,"column":24},"end":{"line":127,"column":61}}]},"9":{"loc":{"start":{"line":126,"column":28},"end":{"line":126,"column":85}},"type":"binary-expr","locations":[{"start":{"line":126,"column":28},"end":{"line":126,"column":36}},{"start":{"line":126,"column":41},"end":{"line":126,"column":85}}]},"10":{"loc":{"start":{"line":129,"column":24},"end":{"line":130,"column":61}},"type":"if","locations":[{"start":{"line":129,"column":24},"end":{"line":130,"column":61}}]},"11":{"loc":{"start":{"line":129,"column":28},"end":{"line":129,"column":85}},"type":"binary-expr","locations":[{"start":{"line":129,"column":28},"end":{"line":129,"column":36}},{"start":{"line":129,"column":41},"end":{"line":129,"column":85}}]},"12":{"loc":{"start":{"line":132,"column":24},"end":{"line":133,"column":61}},"type":"if","locations":[{"start":{"line":132,"column":24},"end":{"line":133,"column":61}}]},"13":{"loc":{"start":{"line":132,"column":28},"end":{"line":132,"column":85}},"type":"binary-expr","locations":[{"start":{"line":132,"column":28},"end":{"line":132,"column":36}},{"start":{"line":132,"column":41},"end":{"line":132,"column":85}}]},"14":{"loc":{"start":{"line":135,"column":24},"end":{"line":136,"column":61}},"type":"if","locations":[{"start":{"line":135,"column":24},"end":{"line":136,"column":61}}]},"15":{"loc":{"start":{"line":135,"column":28},"end":{"line":135,"column":85}},"type":"binary-expr","locations":[{"start":{"line":135,"column":28},"end":{"line":135,"column":36}},{"start":{"line":135,"column":41},"end":{"line":135,"column":85}}]},"16":{"loc":{"start":{"line":138,"column":24},"end":{"line":139,"column":61}},"type":"if","locations":[{"start":{"line":138,"column":24},"end":{"line":139,"column":61}}]},"17":{"loc":{"start":{"line":138,"column":28},"end":{"line":138,"column":85}},"type":"binary-expr","locations":[{"start":{"line":138,"column":28},"end":{"line":138,"column":36}},{"start":{"line":138,"column":41},"end":{"line":138,"column":85}}]},"18":{"loc":{"start":{"line":141,"column":24},"end":{"line":142,"column":61}},"type":"if","locations":[{"start":{"line":141,"column":24},"end":{"line":142,"column":61}}]},"19":{"loc":{"start":{"line":141,"column":28},"end":{"line":141,"column":85}},"type":"binary-expr","locations":[{"start":{"line":141,"column":28},"end":{"line":141,"column":36}},{"start":{"line":141,"column":41},"end":{"line":141,"column":85}}]},"20":{"loc":{"start":{"line":165,"column":8},"end":{"line":166,"column":77}},"type":"if","locations":[{"start":{"line":165,"column":8},"end":{"line":166,"column":77}}]},"21":{"loc":{"start":{"line":174,"column":8},"end":{"line":177,"column":29}},"type":"if","locations":[{"start":{"line":174,"column":8},"end":{"line":177,"column":29}},{"start":{"line":177,"column":12},"end":{"line":177,"column":29}}]}},"s":{"0":2,"1":2,"2":2,"3":0,"4":0,"5":0,"6":0,"7":0,"8":0,"9":0,"10":0,"11":0,"12":0,"13":1,"14":4,"15":4,"16":1,"17":1,"18":4,"19":4,"20":1,"21":1,"22":4,"23":4,"24":2,"25":2,"26":2,"27":2,"28":1,"29":2,"30":0,"31":2,"32":0,"33":2,"34":0,"35":2,"36":0,"37":2,"38":2,"39":2,"40":12,"41":12,"42":12,"43":4,"44":4,"45":4,"46":0,"47":2,"48":2,"49":2,"50":2,"51":2,"52":2,"53":2},"f":{"0":0,"1":2,"2":2,"3":0,"4":0,"5":0,"6":0,"7":0,"8":0,"9":1,"10":4,"11":4,"12":1,"13":4,"14":4,"15":1,"16":4,"17":4,"18":2,"19":2,"20":12,"21":4},"b":{"0":[0,0],"1":[0,0],"2":[0,0],"3":[0,0],"4":[0,0],"5":[0,0],"6":[0,0],"7":[0,0],"8":[2],"9":[2,2],"10":[1],"11":[2,1],"12":[0],"13":[2,0],"14":[0],"15":[2,0],"16":[0],"17":[2,0],"18":[0],"19":[2,0],"20":[12],"21":[4,0]}}
,"C:\\Users\\LuisDev\\Desktop\\file_server\\core_api\\dependencyInjection\\DependecyService.ts": {"path":"C:\\Users\\LuisDev\\Desktop\\file_server\\core_api\\dependencyInjection\\DependecyService.ts","statementMap":{"0":{"start":{"line":1,"column":0},"end":{"line":1,"column":26}},"1":{"start":{"line":12,"column":29},"end":{"line":12,"column":78}},"2":{"start":{"line":12,"column":36},"end":{"line":12,"column":78}},"3":{"start":{"line":14,"column":20},"end":{"line":14,"column":60}},"4":{"start":{"line":14,"column":45},"end":{"line":14,"column":59}},"5":{"start":{"line":16,"column":8},"end":{"line":19,"column":55}},"6":{"start":{"line":17,"column":12},"end":{"line":17,"column":86}},"7":{"start":{"line":19,"column":12},"end":{"line":19,"column":55}},"8":{"start":{"line":26,"column":29},"end":{"line":26,"column":62}},"9":{"start":{"line":26,"column":35},"end":{"line":26,"column":62}},"10":{"start":{"line":28,"column":20},"end":{"line":28,"column":60}},"11":{"start":{"line":28,"column":45},"end":{"line":28,"column":59}},"12":{"start":{"line":30,"column":8},"end":{"line":33,"column":55}},"13":{"start":{"line":31,"column":12},"end":{"line":31,"column":86}},"14":{"start":{"line":33,"column":12},"end":{"line":33,"column":55}},"15":{"start":{"line":38,"column":8},"end":{"line":38,"column":76}},"16":{"start":{"line":38,"column":40},"end":{"line":38,"column":54}},"17":{"start":{"line":43,"column":8},"end":{"line":43,"column":71}},"18":{"start":{"line":43,"column":40},"end":{"line":43,"column":54}},"19":{"start":{"line":48,"column":8},"end":{"line":51,"column":null}},"20":{"start":{"line":50,"column":12},"end":{"line":50,"column":null}},"21":{"start":{"line":56,"column":21},"end":{"line":56,"column":100}},"22":{"start":{"line":57,"column":19},"end":{"line":57,"column":106}},"23":{"start":{"line":59,"column":8},"end":{"line":59,"column":30}},"24":{"start":{"line":64,"column":8},"end":{"line":67,"column":null}},"25":{"start":{"line":66,"column":12},"end":{"line":66,"column":null}},"26":{"start":{"line":72,"column":19},"end":{"line":72,"column":105}},"27":{"start":{"line":74,"column":8},"end":{"line":75,"column":72}},"28":{"start":{"line":75,"column":12},"end":{"line":75,"column":72}},"29":{"start":{"line":77,"column":8},"end":{"line":77,"column":20}},"30":{"start":{"line":83,"column":8},"end":{"line":102,"column":null}},"31":{"start":{"line":85,"column":12},"end":{"line":101,"column":null}},"32":{"start":{"line":87,"column":16},"end":{"line":100,"column":null}},"33":{"start":{"line":89,"column":29},"end":{"line":89,"column":66}},"34":{"start":{"line":91,"column":20},"end":{"line":92,"column":108}},"35":{"start":{"line":92,"column":24},"end":{"line":92,"column":108}},"36":{"start":{"line":94,"column":35},"end":{"line":94,"column":63}},"37":{"start":{"line":96,"column":20},"end":{"line":97,"column":108}},"38":{"start":{"line":97,"column":24},"end":{"line":97,"column":108}},"39":{"start":{"line":99,"column":20},"end":{"line":99,"column":41}},"40":{"start":{"line":107,"column":21},"end":{"line":107,"column":48}},"41":{"start":{"line":109,"column":8},"end":{"line":109,"column":52}},"42":{"start":{"line":111,"column":8},"end":{"line":111,"column":27}},"43":{"start":{"line":3,"column":0},"end":{"line":3,"column":21}},"44":{"start":{"line":5,"column":19},"end":{"line":5,"column":47}},"45":{"start":{"line":7,"column":19},"end":{"line":7,"column":61}},"46":{"start":{"line":8,"column":19},"end":{"line":8,"column":70}}},"fnMap":{"0":{"name":"(anonymous_0)","decl":{"start":{"line":10,"column":11},"end":{"line":10,"column":17}},"loc":{"start":{"line":10,"column":107},"end":{"line":21,"column":5}}},"1":{"name":"(anonymous_1)","decl":{"start":{"line":12,"column":29},"end":{"line":12,"column":32}},"loc":{"start":{"line":12,"column":36},"end":{"line":12,"column":78}}},"2":{"name":"(anonymous_2)","decl":{"start":{"line":14,"column":40},"end":{"line":14,"column":41}},"loc":{"start":{"line":14,"column":45},"end":{"line":14,"column":59}}},"3":{"name":"(anonymous_3)","decl":{"start":{"line":24,"column":11},"end":{"line":24,"column":17}},"loc":{"start":{"line":24,"column":64},"end":{"line":34,"column":5}}},"4":{"name":"(anonymous_4)","decl":{"start":{"line":26,"column":29},"end":{"line":26,"column":32}},"loc":{"start":{"line":26,"column":35},"end":{"line":26,"column":62}}},"5":{"name":"(anonymous_5)","decl":{"start":{"line":28,"column":40},"end":{"line":28,"column":41}},"loc":{"start":{"line":28,"column":45},"end":{"line":28,"column":59}}},"6":{"name":"(anonymous_6)","decl":{"start":{"line":36,"column":11},"end":{"line":36,"column":17}},"loc":{"start":{"line":36,"column":59},"end":{"line":39,"column":5}}},"7":{"name":"(anonymous_7)","decl":{"start":{"line":38,"column":35},"end":{"line":38,"column":36}},"loc":{"start":{"line":38,"column":40},"end":{"line":38,"column":54}}},"8":{"name":"(anonymous_8)","decl":{"start":{"line":41,"column":11},"end":{"line":41,"column":17}},"loc":{"start":{"line":41,"column":60},"end":{"line":44,"column":5}}},"9":{"name":"(anonymous_9)","decl":{"start":{"line":43,"column":35},"end":{"line":43,"column":36}},"loc":{"start":{"line":43,"column":40},"end":{"line":43,"column":54}}},"10":{"name":"(anonymous_10)","decl":{"start":{"line":46,"column":11},"end":{"line":46,"column":17}},"loc":{"start":{"line":46,"column":28},"end":{"line":52,"column":5}}},"11":{"name":"(anonymous_11)","decl":{"start":{"line":48,"column":15},"end":{"line":48,"column":24}},"loc":{"start":{"line":48,"column":67},"end":{"line":51,"column":9}}},"12":{"name":"(anonymous_12)","decl":{"start":{"line":54,"column":11},"end":{"line":54,"column":17}},"loc":{"start":{"line":54,"column":65},"end":{"line":60,"column":5}}},"13":{"name":"(anonymous_13)","decl":{"start":{"line":62,"column":11},"end":{"line":62,"column":17}},"loc":{"start":{"line":62,"column":41},"end":{"line":68,"column":5}}},"14":{"name":"(anonymous_14)","decl":{"start":{"line":64,"column":15},"end":{"line":64,"column":24}},"loc":{"start":{"line":64,"column":67},"end":{"line":67,"column":9}}},"15":{"name":"(anonymous_15)","decl":{"start":{"line":70,"column":11},"end":{"line":70,"column":17}},"loc":{"start":{"line":70,"column":62},"end":{"line":78,"column":5}}},"16":{"name":"(anonymous_16)","decl":{"start":{"line":81,"column":11},"end":{"line":81,"column":17}},"loc":{"start":{"line":81,"column":61},"end":{"line":103,"column":5}}},"17":{"name":"(anonymous_17)","decl":{"start":{"line":105,"column":11},"end":{"line":105,"column":17}},"loc":{"start":{"line":105,"column":52},"end":{"line":112,"column":5}}}},"branchMap":{"0":{"loc":{"start":{"line":12,"column":54},"end":{"line":12,"column":66}},"type":"cond-expr","locations":[{"start":{"line":12,"column":54},"end":{"line":12,"column":58}},{"start":{"line":12,"column":62},"end":{"line":12,"column":66}}]},"1":{"loc":{"start":{"line":12,"column":54},"end":{"line":12,"column":62}},"type":"binary-expr","locations":[{"start":{"line":12,"column":54},"end":{"line":12,"column":62}},{"start":{"line":12,"column":54},"end":{"line":12,"column":62}}]},"2":{"loc":{"start":{"line":16,"column":8},"end":{"line":19,"column":55}},"type":"if","locations":[{"start":{"line":16,"column":8},"end":{"line":19,"column":55}},{"start":{"line":19,"column":12},"end":{"line":19,"column":55}}]},"3":{"loc":{"start":{"line":17,"column":57},"end":{"line":17,"column":82}},"type":"cond-expr","locations":[{"start":{"line":17,"column":57},"end":{"line":17,"column":64}},{"start":{"line":17,"column":68},"end":{"line":17,"column":82}}]},"4":{"loc":{"start":{"line":17,"column":57},"end":{"line":17,"column":68}},"type":"binary-expr","locations":[{"start":{"line":17,"column":57},"end":{"line":17,"column":68}},{"start":{"line":17,"column":57},"end":{"line":17,"column":68}}]},"5":{"loc":{"start":{"line":19,"column":29},"end":{"line":19,"column":54}},"type":"cond-expr","locations":[{"start":{"line":19,"column":29},"end":{"line":19,"column":36}},{"start":{"line":19,"column":40},"end":{"line":19,"column":54}}]},"6":{"loc":{"start":{"line":19,"column":29},"end":{"line":19,"column":40}},"type":"binary-expr","locations":[{"start":{"line":19,"column":29},"end":{"line":19,"column":40}},{"start":{"line":19,"column":29},"end":{"line":19,"column":40}}]},"7":{"loc":{"start":{"line":30,"column":8},"end":{"line":33,"column":55}},"type":"if","locations":[{"start":{"line":30,"column":8},"end":{"line":33,"column":55}},{"start":{"line":33,"column":12},"end":{"line":33,"column":55}}]},"8":{"loc":{"start":{"line":31,"column":57},"end":{"line":31,"column":82}},"type":"cond-expr","locations":[{"start":{"line":31,"column":57},"end":{"line":31,"column":64}},{"start":{"line":31,"column":68},"end":{"line":31,"column":82}}]},"9":{"loc":{"start":{"line":31,"column":57},"end":{"line":31,"column":68}},"type":"binary-expr","locations":[{"start":{"line":31,"column":57},"end":{"line":31,"column":68}},{"start":{"line":31,"column":57},"end":{"line":31,"column":68}}]},"10":{"loc":{"start":{"line":33,"column":29},"end":{"line":33,"column":54}},"type":"cond-expr","locations":[{"start":{"line":33,"column":29},"end":{"line":33,"column":36}},{"start":{"line":33,"column":40},"end":{"line":33,"column":54}}]},"11":{"loc":{"start":{"line":33,"column":29},"end":{"line":33,"column":40}},"type":"binary-expr","locations":[{"start":{"line":33,"column":29},"end":{"line":33,"column":40}},{"start":{"line":33,"column":29},"end":{"line":33,"column":40}}]},"12":{"loc":{"start":{"line":38,"column":15},"end":{"line":38,"column":75}},"type":"cond-expr","locations":[{"start":{"line":38,"column":55},"end":{"line":38,"column":57}},{"start":{"line":38,"column":55},"end":{"line":38,"column":75}}]},"13":{"loc":{"start":{"line":38,"column":15},"end":{"line":38,"column":57}},"type":"binary-expr","locations":[{"start":{"line":38,"column":15},"end":{"line":38,"column":57}},{"start":{"line":38,"column":55},"end":{"line":38,"column":57}}]},"14":{"loc":{"start":{"line":43,"column":15},"end":{"line":43,"column":70}},"type":"cond-expr","locations":[{"start":{"line":43,"column":55},"end":{"line":43,"column":57}},{"start":{"line":43,"column":55},"end":{"line":43,"column":70}}]},"15":{"loc":{"start":{"line":43,"column":15},"end":{"line":43,"column":57}},"type":"binary-expr","locations":[{"start":{"line":43,"column":15},"end":{"line":43,"column":57}},{"start":{"line":43,"column":55},"end":{"line":43,"column":57}}]},"16":{"loc":{"start":{"line":56,"column":21},"end":{"line":56,"column":100}},"type":"cond-expr","locations":[{"start":{"line":56,"column":91},"end":{"line":56,"column":95}},{"start":{"line":56,"column":95},"end":{"line":56,"column":100}}]},"17":{"loc":{"start":{"line":56,"column":21},"end":{"line":56,"column":95}},"type":"binary-expr","locations":[{"start":{"line":56,"column":21},"end":{"line":56,"column":95}},{"start":{"line":56,"column":91},"end":{"line":56,"column":95}}]},"18":{"loc":{"start":{"line":59,"column":15},"end":{"line":59,"column":29}},"type":"binary-expr","locations":[{"start":{"line":59,"column":15},"end":{"line":59,"column":21}},{"start":{"line":59,"column":25},"end":{"line":59,"column":29}}]},"19":{"loc":{"start":{"line":74,"column":8},"end":{"line":75,"column":72}},"type":"if","locations":[{"start":{"line":74,"column":8},"end":{"line":75,"column":72}}]},"20":{"loc":{"start":{"line":85,"column":12},"end":{"line":101,"column":null}},"type":"if","locations":[{"start":{"line":85,"column":12},"end":{"line":101,"column":null}}]},"21":{"loc":{"start":{"line":87,"column":16},"end":{"line":100,"column":null}},"type":"if","locations":[{"start":{"line":87,"column":16},"end":{"line":100,"column":null}}]},"22":{"loc":{"start":{"line":91,"column":20},"end":{"line":92,"column":108}},"type":"if","locations":[{"start":{"line":91,"column":20},"end":{"line":92,"column":108}}]},"23":{"loc":{"start":{"line":96,"column":20},"end":{"line":97,"column":108}},"type":"if","locations":[{"start":{"line":96,"column":20},"end":{"line":97,"column":108}}]}},"s":{"0":2,"1":2,"2":10,"3":2,"4":1,"5":2,"6":1,"7":1,"8":0,"9":0,"10":0,"11":0,"12":0,"13":0,"14":0,"15":10,"16":10,"17":0,"18":0,"19":2,"20":2,"21":20,"22":20,"23":20,"24":2,"25":2,"26":10,"27":10,"28":5,"29":10,"30":5,"31":20,"32":20,"33":10,"34":10,"35":0,"36":10,"37":10,"38":0,"39":10,"40":5,"41":5,"42":5,"43":2,"44":2,"45":2,"46":2},"f":{"0":2,"1":10,"2":1,"3":0,"4":0,"5":0,"6":10,"7":10,"8":0,"9":0,"10":2,"11":2,"12":20,"13":2,"14":2,"15":10,"16":5,"17":5},"b":{"0":[10,0],"1":[10,10],"2":[1,1],"3":[0,1],"4":[1,1],"5":[0,1],"6":[1,1],"7":[0,0],"8":[0,0],"9":[0,0],"10":[0,0],"11":[0,0],"12":[0,10],"13":[10,10],"14":[0,0],"15":[0,0],"16":[5,15],"17":[20,20],"18":[20,15],"19":[5],"20":[20],"21":[10],"22":[0],"23":[0]}}
,"C:\\Users\\LuisDev\\Desktop\\file_server\\core_api\\enums\\httpVerbs\\HttpVerbs.ts": {"path":"C:\\Users\\LuisDev\\Desktop\\file_server\\core_api\\enums\\httpVerbs\\HttpVerbs.ts","statementMap":{"0":{"start":{"line":1,"column":0},"end":{"line":1,"column":null}},"1":{"start":{"line":3,"column":4},"end":{"line":3,"column":null}},"2":{"start":{"line":4,"column":4},"end":{"line":4,"column":null}},"3":{"start":{"line":5,"column":4},"end":{"line":5,"column":null}},"4":{"start":{"line":6,"column":4},"end":{"line":6,"column":null}}},"fnMap":{"0":{"name":"(anonymous_0)","decl":{"start":{"line":1,"column":0},"end":{"line":1,"column":12}},"loc":{"start":{"line":1,"column":21},"end":{"line":7,"column":1}}}},"branchMap":{"0":{"loc":{"start":{"line":1,"column":12},"end":{"line":1,"column":null}},"type":"binary-expr","locations":[{"start":{"line":1,"column":12},"end":{"line":1,"column":21}},{"start":{"line":1,"column":12},"end":{"line":1,"column":null}}]}},"s":{"0":2,"1":2,"2":2,"3":2,"4":2},"f":{"0":2},"b":{"0":[2,2]}}
}
