TN:
SF:Application.ts
FN:24,(anonymous_14)
FN:33,(anonymous_15)
FN:41,(anonymous_17)
FN:47,(anonymous_18)
FN:52,(anonymous_19)
FN:54,(anonymous_20)
FN:54,(anonymous_21)
FN:64,(anonymous_22)
FN:70,(anonymous_23)
FN:91,(anonymous_24)
FN:95,(anonymous_25)
FN:121,(anonymous_26)
FN:128,(anonymous_27)
FN:170,(anonymous_28)
FN:185,(anonymous_29)
FN:190,(anonymous_30)
FN:202,(anonymous_31)
FN:202,(anonymous_32)
FN:212,(anonymous_33)
FNF:19
FNH:0
FNDA:0,(anonymous_14)
FNDA:0,(anonymous_15)
FNDA:0,(anonymous_17)
FNDA:0,(anonymous_18)
FNDA:0,(anonymous_19)
FNDA:0,(anonymous_20)
FNDA:0,(anonymous_21)
FNDA:0,(anonymous_22)
FNDA:0,(anonymous_23)
FNDA:0,(anonymous_24)
FNDA:0,(anonymous_25)
FNDA:0,(anonymous_26)
FNDA:0,(anonymous_27)
FNDA:0,(anonymous_28)
FNDA:0,(anonymous_29)
FNDA:0,(anonymous_30)
FNDA:0,(anonymous_31)
FNDA:0,(anonymous_32)
FNDA:0,(anonymous_33)
DA:2,2
DA:3,2
DA:7,2
DA:8,2
DA:9,2
DA:12,2
DA:13,2
DA:16,2
DA:26,0
DA:28,0
DA:35,0
DA:37,0
DA:39,0
DA:41,0
DA:43,0
DA:49,0
DA:54,0
DA:57,0
DA:59,0
DA:61,0
DA:62,0
DA:64,0
DA:66,0
DA:68,0
DA:70,0
DA:72,0
DA:74,0
DA:76,0
DA:82,0
DA:93,0
DA:95,0
DA:97,0
DA:100,0
DA:102,0
DA:103,0
DA:106,0
DA:108,0
DA:110,0
DA:111,0
DA:114,0
DA:116,0
DA:117,0
DA:119,0
DA:121,0
DA:124,0
DA:126,0
DA:128,0
DA:130,0
DA:131,0
DA:133,0
DA:135,0
DA:137,0
DA:138,0
DA:139,0
DA:140,0
DA:144,0
DA:146,0
DA:147,0
DA:149,0
DA:151,0
DA:152,0
DA:153,0
DA:156,0
DA:159,0
DA:161,0
DA:163,0
DA:166,0
DA:175,0
DA:178,0
DA:183,0
DA:187,0
DA:192,0
DA:194,0
DA:195,0
DA:200,0
DA:202,0
DA:205,0
DA:209,0
LF:78
LH:8
BRDA:57,0,0,0
BRDA:57,0,1,0
BRDA:57,1,0,0
BRDA:57,1,1,0
BRDA:61,2,0,0
BRDA:74,3,0,0
BRDA:74,4,0,0
BRDA:74,4,1,0
BRDA:102,5,0,0
BRDA:110,6,0,0
BRDA:116,7,0,0
BRDA:133,8,0,0
BRDA:135,9,0,0
BRDA:137,10,0,0
BRDA:137,11,0,0
BRDA:137,11,1,0
BRDA:137,12,0,0
BRDA:137,12,1,0
BRDA:139,13,0,0
BRDA:146,14,0,0
BRDA:156,15,0,0
BRDA:156,15,1,0
BRDA:156,16,0,0
BRDA:156,16,1,0
BRDA:187,17,0,0
BRDA:187,17,1,0
BRDA:192,18,0,0
BRDA:192,18,1,0
BRDA:194,19,0,0
BRDA:202,20,0,0
BRDA:202,20,1,0
BRF:31
BRH:0
end_of_record
TN:
SF:ApplicationConfiguration.ts
FN:13,(anonymous_8)
FN:18,(anonymous_9)
FN:30,(anonymous_11)
FN:32,(anonymous_13)
FN:35,(anonymous_14)
FN:37,(anonymous_16)
FN:39,(anonymous_17)
FN:62,(anonymous_18)
FN:65,(anonymous_20)
FN:67,(anonymous_21)
FNF:10
FNH:0
FNDA:0,(anonymous_8)
FNDA:0,(anonymous_9)
FNDA:0,(anonymous_11)
FNDA:0,(anonymous_13)
FNDA:0,(anonymous_14)
FNDA:0,(anonymous_16)
FNDA:0,(anonymous_17)
FNDA:0,(anonymous_18)
FNDA:0,(anonymous_20)
FNDA:0,(anonymous_21)
DA:1,2
DA:6,2
DA:9,0
DA:10,0
DA:15,0
DA:20,0
DA:22,0
DA:26,0
DA:32,0
DA:37,0
DA:39,0
DA:41,0
DA:43,0
DA:46,0
DA:48,0
DA:50,0
DA:52,0
DA:56,0
DA:65,0
DA:67,0
DA:70,0
DA:72,0
DA:75,0
LF:23
LH:2
BRDA:15,0,0,0
BRDA:15,0,1,0
BRDA:15,1,0,0
BRDA:15,1,1,0
BRDA:15,2,0,0
BRDA:15,2,1,0
BRDA:15,3,0,0
BRDA:15,3,1,0
BRDA:20,4,0,0
BRDA:20,4,1,0
BRDA:41,5,0,0
BRDA:50,6,0,0
BRDA:70,7,0,0
BRF:13
BRH:0
end_of_record
TN:
SF:index.ts
FN:1,(anonymous_1)
FN:2,(anonymous_2)
FN:4,(anonymous_3)
FN:5,(anonymous_4)
FN:7,(anonymous_5)
FN:9,(anonymous_6)
FN:22,Use
FN:27,Run
FN:32,Action
FN:37,Route
FN:43,Verb
FN:49,Inject
FN:54,InjectAbstract
FN:65,Argument
FNF:14
FNH:8
FNDA:0,(anonymous_1)
FNDA:0,(anonymous_2)
FNDA:0,(anonymous_3)
FNDA:2,(anonymous_4)
FNDA:4,(anonymous_5)
FNDA:0,(anonymous_6)
FNDA:0,Use
FNDA:0,Run
FNDA:4,Action
FNDA:2,Route
FNDA:4,Verb
FNDA:2,Inject
FNDA:2,InjectAbstract
FNDA:4,Argument
DA:1,2
DA:2,2
DA:4,2
DA:5,4
DA:7,6
DA:9,2
DA:17,2
DA:18,2
DA:22,2
DA:24,0
DA:27,2
DA:29,0
DA:32,2
DA:34,4
DA:37,2
DA:39,2
DA:43,2
DA:46,4
DA:49,2
DA:51,2
DA:54,2
DA:56,2
DA:65,2
DA:67,4
LF:24
LH:22
BRF:0
BRH:0
end_of_record
TN:
SF:__tests__\classes\ControllerTest.ts
FN:17,(anonymous_1)
FN:27,(anonymous_2)
FN:35,(anonymous_3)
FNF:3
FNH:3
FNDA:10,(anonymous_1)
FNDA:1,(anonymous_2)
FNDA:1,(anonymous_3)
DA:3,2
DA:5,2
DA:8,2
DA:11,2
DA:14,2
DA:19,10
DA:20,10
DA:21,10
DA:24,2
DA:29,1
DA:32,2
DA:37,1
LF:12
LH:12
BRF:0
BRH:0
end_of_record
TN:
SF:__tests__\classes\SampleServiceTest.ts
FN:10,(anonymous_0)
FN:19,(anonymous_1)
FNF:2
FNH:0
FNDA:0,(anonymous_0)
FNDA:0,(anonymous_1)
DA:1,2
DA:8,2
DA:11,0
DA:17,2
DA:20,0
LF:5
LH:3
BRF:0
BRH:0
end_of_record
TN:
SF:controllers\base\ControllerBase.ts
FN:10,(anonymous_0)
FN:15,(anonymous_1)
FN:21,(anonymous_2)
FN:27,(anonymous_3)
FN:33,(anonymous_4)
FN:39,(anonymous_5)
FNF:6
FNH:1
FNDA:10,(anonymous_0)
FNDA:0,(anonymous_1)
FNDA:0,(anonymous_2)
FNDA:0,(anonymous_3)
FNDA:0,(anonymous_4)
FNDA:0,(anonymous_5)
DA:5,2
DA:7,10
DA:8,10
DA:17,0
DA:18,0
DA:23,0
DA:24,0
DA:29,0
DA:30,0
DA:35,0
DA:36,0
DA:41,0
DA:42,0
LF:13
LH:3
BRF:0
BRH:0
end_of_record
TN:
SF:decorators\controllers\ControllerDecorators.ts
FN:10,(anonymous_0)
FN:23,(anonymous_1)
FN:25,(anonymous_2)
FN:32,(anonymous_3)
FN:34,(anonymous_4)
FN:44,(anonymous_5)
FN:49,(anonymous_6)
FN:51,(anonymous_7)
FN:62,(anonymous_8)
FN:67,(anonymous_9)
FN:73,(anonymous_10)
FN:75,(anonymous_11)
FN:82,(anonymous_12)
FN:89,(anonymous_13)
FN:91,(anonymous_14)
FN:98,(anonymous_15)
FN:111,(anonymous_16)
FN:113,(anonymous_17)
FN:121,(anonymous_18)
FN:154,(anonymous_19)
FN:161,(anonymous_20)
FN:170,(anonymous_21)
FNF:22
FNH:15
FNDA:0,(anonymous_0)
FNDA:2,(anonymous_1)
FNDA:2,(anonymous_2)
FNDA:0,(anonymous_3)
FNDA:0,(anonymous_4)
FNDA:0,(anonymous_5)
FNDA:0,(anonymous_6)
FNDA:0,(anonymous_7)
FNDA:0,(anonymous_8)
FNDA:1,(anonymous_9)
FNDA:4,(anonymous_10)
FNDA:4,(anonymous_11)
FNDA:1,(anonymous_12)
FNDA:4,(anonymous_13)
FNDA:4,(anonymous_14)
FNDA:1,(anonymous_15)
FNDA:4,(anonymous_16)
FNDA:4,(anonymous_17)
FNDA:2,(anonymous_18)
FNDA:2,(anonymous_19)
FNDA:12,(anonymous_20)
FNDA:4,(anonymous_21)
DA:2,2
DA:8,2
DA:15,2
DA:16,2
DA:17,2
DA:18,2
DA:19,2
DA:20,2
DA:25,2
DA:27,2
DA:34,0
DA:36,0
DA:38,0
DA:40,0
DA:46,0
DA:51,0
DA:53,0
DA:55,0
DA:57,0
DA:64,0
DA:69,1
DA:75,4
DA:77,4
DA:84,1
DA:86,1
DA:91,4
DA:93,4
DA:100,1
DA:102,1
DA:113,4
DA:115,4
DA:123,2
DA:126,2
DA:127,2
DA:129,2
DA:130,1
DA:132,2
DA:133,0
DA:135,2
DA:136,0
DA:138,2
DA:139,0
DA:141,2
DA:142,0
DA:144,2
DA:156,2
DA:158,2
DA:163,12
DA:165,12
DA:166,12
DA:172,4
DA:174,4
DA:175,4
DA:177,0
LF:54
LH:39
BRDA:36,0,0,0
BRDA:36,0,1,0
BRDA:36,1,0,0
BRDA:36,1,1,0
BRDA:46,2,0,0
BRDA:46,2,1,0
BRDA:46,3,0,0
BRDA:46,3,1,0
BRDA:53,4,0,0
BRDA:53,4,1,0
BRDA:53,5,0,0
BRDA:53,5,1,0
BRDA:64,6,0,0
BRDA:64,6,1,0
BRDA:64,7,0,0
BRDA:64,7,1,0
BRDA:126,8,0,2
BRDA:126,9,0,2
BRDA:126,9,1,2
BRDA:129,10,0,1
BRDA:129,11,0,2
BRDA:129,11,1,1
BRDA:132,12,0,0
BRDA:132,13,0,2
BRDA:132,13,1,0
BRDA:135,14,0,0
BRDA:135,15,0,2
BRDA:135,15,1,0
BRDA:138,16,0,0
BRDA:138,17,0,2
BRDA:138,17,1,0
BRDA:141,18,0,0
BRDA:141,19,0,2
BRDA:141,19,1,0
BRDA:165,20,0,12
BRDA:174,21,0,4
BRDA:174,21,1,0
BRF:37
BRH:12
end_of_record
TN:
SF:dependencyInjection\DependecyService.ts
FN:10,(anonymous_0)
FN:12,(anonymous_1)
FN:14,(anonymous_2)
FN:24,(anonymous_3)
FN:26,(anonymous_4)
FN:28,(anonymous_5)
FN:36,(anonymous_6)
FN:38,(anonymous_7)
FN:41,(anonymous_8)
FN:43,(anonymous_9)
FN:46,(anonymous_10)
FN:48,(anonymous_11)
FN:54,(anonymous_12)
FN:62,(anonymous_13)
FN:64,(anonymous_14)
FN:70,(anonymous_15)
FN:81,(anonymous_16)
FN:105,(anonymous_17)
FNF:18
FNH:13
FNDA:2,(anonymous_0)
FNDA:10,(anonymous_1)
FNDA:1,(anonymous_2)
FNDA:0,(anonymous_3)
FNDA:0,(anonymous_4)
FNDA:0,(anonymous_5)
FNDA:10,(anonymous_6)
FNDA:10,(anonymous_7)
FNDA:0,(anonymous_8)
FNDA:0,(anonymous_9)
FNDA:2,(anonymous_10)
FNDA:2,(anonymous_11)
FNDA:20,(anonymous_12)
FNDA:2,(anonymous_13)
FNDA:2,(anonymous_14)
FNDA:10,(anonymous_15)
FNDA:5,(anonymous_16)
FNDA:5,(anonymous_17)
DA:1,2
DA:3,2
DA:5,2
DA:7,2
DA:8,2
DA:12,10
DA:14,2
DA:16,2
DA:17,1
DA:19,1
DA:26,0
DA:28,0
DA:30,0
DA:31,0
DA:33,0
DA:38,10
DA:43,0
DA:48,2
DA:50,2
DA:56,20
DA:57,20
DA:59,20
DA:64,2
DA:66,2
DA:72,10
DA:74,10
DA:75,5
DA:77,10
DA:83,5
DA:85,20
DA:87,20
DA:89,10
DA:91,10
DA:92,0
DA:94,10
DA:96,10
DA:97,0
DA:99,10
DA:107,5
DA:109,5
DA:111,5
LF:41
LH:33
BRDA:12,0,0,10
BRDA:12,0,1,0
BRDA:12,1,0,10
BRDA:12,1,1,10
BRDA:16,2,0,1
BRDA:16,2,1,1
BRDA:17,3,0,0
BRDA:17,3,1,1
BRDA:17,4,0,1
BRDA:17,4,1,1
BRDA:19,5,0,0
BRDA:19,5,1,1
BRDA:19,6,0,1
BRDA:19,6,1,1
BRDA:30,7,0,0
BRDA:30,7,1,0
BRDA:31,8,0,0
BRDA:31,8,1,0
BRDA:31,9,0,0
BRDA:31,9,1,0
BRDA:33,10,0,0
BRDA:33,10,1,0
BRDA:33,11,0,0
BRDA:33,11,1,0
BRDA:38,12,0,0
BRDA:38,12,1,10
BRDA:38,13,0,10
BRDA:38,13,1,10
BRDA:43,14,0,0
BRDA:43,14,1,0
BRDA:43,15,0,0
BRDA:43,15,1,0
BRDA:56,16,0,5
BRDA:56,16,1,15
BRDA:56,17,0,20
BRDA:56,17,1,20
BRDA:59,18,0,20
BRDA:59,18,1,15
BRDA:74,19,0,5
BRDA:85,20,0,20
BRDA:87,21,0,10
BRDA:91,22,0,0
BRDA:96,23,0,0
BRF:43
BRH:23
end_of_record
TN:
SF:enums\httpVerbs\HttpVerbs.ts
FN:1,(anonymous_0)
FNF:1
FNH:1
FNDA:2,(anonymous_0)
DA:1,2
DA:3,2
DA:4,2
DA:5,2
DA:6,2
LF:5
LH:5
BRDA:1,0,0,2
BRDA:1,0,1,2
BRF:2
BRH:2
end_of_record
